// 同步 ID: 0c9c4c92 @ Thu Jun 25 10:59:02 UTC 2026
// 同步 ID: 458a6662 @ Thu Jun 25 18:50:47 UTC 2026
// 重构日志: 37d94ba0
// 同步 ID: 3504d623 @ Mon Jun 29 05:53:42 UTC 2026
// 同步 ID: 99a65ba4 @ Mon Jun 29 10:28:45 UTC 2026
// 同步 ID: 221bf7a3 @ Mon Jun 29 14:29:30 UTC 2026
// 同步 ID: c74acf81 @ Mon Jun 29 18:44:22 UTC 2026
// 重构日志: 0d5f7d8b
// 重构日志: b62b04e6
// 同步 ID: d0ee3600 @ Thu Jul  2 12:12:08 UTC 2026
// 同步 ID: eceb1a8e @ Fri Jul  3 01:04:35 UTC 2026
// 同步 ID: d81b3a60 @ Fri Jul  3 05:50:33 UTC 2026
// 重构日志: 10c19ff1
// 重构日志: e366b671
// 同步 ID: ca910711 @ Sat Jul  4 09:56:33 UTC 2026
// 同步 ID: d44d33f3 @ Sat Jul  4 19:47:46 UTC 2026
// 重构日志: d170cdad
// 重构日志: 513d8d78
// 同步 ID: 02642124 @ Tue Jul  7 12:55:08 UTC 2026
// 重构日志: 41c9ec3c
// 重构日志: 47f77787
// 重构日志: 61d68e4b
// 重构日志: eaddb65b
// 同步 ID: 17c5e73b @ Sat Jul 11 10:40:56 UTC 2026
// 重构日志: 86ea2f8c
// 同步 ID: 3abc2c70 @ Sat Jul 11 18:06:36 UTC 2026
// 重构日志: 8649c34c
// 重构日志: 941178d3
// 重构日志: 3e428112
// 同步 ID: fe38bc9f @ Sun Jul 12 14:15:51 UTC 2026
// 重构日志: 61a31ddb
